
  .   ____          _            __ _ _
 /\\ / ___'_ __ _ _(_)_ __  __ _ \ \ \ \
( ( )\___ | '_ | '_| | '_ \/ _` | \ \ \ \
 \\/  ___)| |_)| | | | | || (_| |  ) ) ) )
  '  |____| .__|_| |_|_| |_\__, | / / / /
 =========|_|==============|___/=/_/_/_/

 :: Spring Boot ::                (v3.5.5)

2025-09-10T22:20:35.187+05:30  INFO 152157 --- [crm-xeno] [           main] com.xeno.crm.CrmXenoApplication          : Starting CrmXenoApplication using Java 17.0.11 with PID 152157 (/home/chirag/Desktop/projects/CRM_XENO/crm-xeno/target/classes started by chirag in /home/chirag/Desktop/projects/CRM_XENO/crm-xeno)
2025-09-10T22:20:35.191+05:30  INFO 152157 --- [crm-xeno] [           main] com.xeno.crm.CrmXenoApplication          : No active profile set, falling back to 1 default profile: "default"
2025-09-10T22:20:36.171+05:30  INFO 152157 --- [crm-xeno] [           main] .s.d.r.c.RepositoryConfigurationDelegate : Bootstrapping Spring Data JPA repositories in DEFAULT mode.
2025-09-10T22:20:36.225+05:30  INFO 152157 --- [crm-xeno] [           main] .s.d.r.c.RepositoryConfigurationDelegate : Finished Spring Data repository scanning in 47 ms. Found 5 JPA repository interfaces.
2025-09-10T22:20:36.717+05:30  INFO 152157 --- [crm-xeno] [           main] o.s.b.w.embedded.tomcat.TomcatWebServer  : Tomcat initialized with port 8080 (http)
2025-09-10T22:20:36.727+05:30  INFO 152157 --- [crm-xeno] [           main] o.apache.catalina.core.StandardService   : Starting service [Tomcat]
2025-09-10T22:20:36.727+05:30  INFO 152157 --- [crm-xeno] [           main] o.apache.catalina.core.StandardEngine    : Starting Servlet engine: [Apache Tomcat/10.1.44]
2025-09-10T22:20:36.774+05:30  INFO 152157 --- [crm-xeno] [           main] o.a.c.c.C.[Tomcat].[localhost].[/]       : Initializing Spring embedded WebApplicationContext
2025-09-10T22:20:36.774+05:30  INFO 152157 --- [crm-xeno] [           main] w.s.c.ServletWebServerApplicationContext : Root WebApplicationContext: initialization completed in 1514 ms
2025-09-10T22:20:36.933+05:30  INFO 152157 --- [crm-xeno] [           main] o.hibernate.jpa.internal.util.LogHelper  : HHH000204: Processing PersistenceUnitInfo [name: default]
2025-09-10T22:20:36.965+05:30  INFO 152157 --- [crm-xeno] [           main] org.hibernate.Version                    : HHH000412: Hibernate ORM core version 6.6.26.Final
2025-09-10T22:20:36.980+05:30  INFO 152157 --- [crm-xeno] [           main] o.h.c.internal.RegionFactoryInitiator    : HHH000026: Second-level cache disabled
2025-09-10T22:20:37.240+05:30  INFO 152157 --- [crm-xeno] [           main] o.s.o.j.p.SpringPersistenceUnitInfo      : No LoadTimeWeaver setup: ignoring JPA class transformer
2025-09-10T22:20:37.302+05:30  INFO 152157 --- [crm-xeno] [           main] com.zaxxer.hikari.HikariDataSource       : HikariPool-1 - Starting...
2025-09-10T22:20:37.520+05:30  INFO 152157 --- [crm-xeno] [           main] com.zaxxer.hikari.pool.HikariPool        : HikariPool-1 - Added connection com.mysql.cj.jdbc.ConnectionImpl@3d8d52be
2025-09-10T22:20:37.523+05:30  INFO 152157 --- [crm-xeno] [           main] com.zaxxer.hikari.HikariDataSource       : HikariPool-1 - Start completed.
2025-09-10T22:20:37.633+05:30  INFO 152157 --- [crm-xeno] [           main] org.hibernate.orm.connections.pooling    : HHH10001005: Database info:
	Database JDBC URL [Connecting through datasource 'HikariDataSource (HikariPool-1)']
	Database driver: undefined/unknown
	Database version: 8.0.42
	Autocommit mode: undefined/unknown
	Isolation level: undefined/unknown
	Minimum pool size: undefined/unknown
	Maximum pool size: undefined/unknown
2025-09-10T22:20:38.698+05:30  INFO 152157 --- [crm-xeno] [           main] o.h.e.t.j.p.i.JtaPlatformInitiator       : HHH000489: No JTA platform available (set 'hibernate.transaction.jta.platform' to enable JTA platform integration)
2025-09-10T22:20:38.807+05:30  INFO 152157 --- [crm-xeno] [           main] j.LocalContainerEntityManagerFactoryBean : Initialized JPA EntityManagerFactory for persistence unit 'default'
2025-09-10T22:20:39.404+05:30  WARN 152157 --- [crm-xeno] [           main] JpaBaseConfiguration$JpaWebConfiguration : spring.jpa.open-in-view is enabled by default. Therefore, database queries may be performed during view rendering. Explicitly configure spring.jpa.open-in-view to disable this warning
2025-09-10T22:20:39.438+05:30  INFO 152157 --- [crm-xeno] [           main] o.s.b.a.w.s.WelcomePageHandlerMapping    : Adding welcome page: class path resource [static/index.html]
2025-09-10T22:20:40.112+05:30  WARN 152157 --- [crm-xeno] [           main] ConfigServletWebServerApplicationContext : Exception encountered during context initialization - cancelling refresh attempt: org.springframework.context.ApplicationContextException: Failed to start bean 'webServerStartStop'
2025-09-10T22:20:40.116+05:30  INFO 152157 --- [crm-xeno] [           main] j.LocalContainerEntityManagerFactoryBean : Closing JPA EntityManagerFactory for persistence unit 'default'
2025-09-10T22:20:40.118+05:30  INFO 152157 --- [crm-xeno] [           main] com.zaxxer.hikari.HikariDataSource       : HikariPool-1 - Shutdown initiated...
2025-09-10T22:20:40.126+05:30  INFO 152157 --- [crm-xeno] [           main] com.zaxxer.hikari.HikariDataSource       : HikariPool-1 - Shutdown completed.
2025-09-10T22:20:40.146+05:30  INFO 152157 --- [crm-xeno] [           main] .s.b.a.l.ConditionEvaluationReportLogger : 

Error starting ApplicationContext. To display the condition evaluation report re-run your application with 'debug' enabled.
2025-09-10T22:20:40.164+05:30 ERROR 152157 --- [crm-xeno] [           main] o.s.b.d.LoggingFailureAnalysisReporter   : 

***************************
APPLICATION FAILED TO START
***************************

Description:

Web server failed to start. Port 8080 was already in use.

Action:

Identify and stop the process that's listening on port 8080 or configure this application to listen on another port.

[ERROR] Failed to execute goal org.springframework.boot:spring-boot-maven-plugin:3.5.5:run (default-cli) on project crm-xeno: Process terminated with exit code: 1 -> [Help 1]
[ERROR] 
[ERROR] To see the full stack trace of the errors, re-run Maven with the -e switch.
[ERROR] Re-run Maven using the -X switch to enable full debug logging.
[ERROR] 
[ERROR] For more information about the errors and possible solutions, please read the following articles:
[ERROR] [Help 1] http://cwiki.apache.org/confluence/display/MAVEN/MojoExecutionException
